c:\eigene dateien\learning\test\code\calculator\calculator\debug\vc140.pdb
c:\eigene dateien\learning\test\code\calculator\calculator\debug\vc140.idb
c:\eigene dateien\learning\test\code\calculator\calculator\debug\binarycommand.obj
c:\eigene dateien\learning\test\code\calculator\calculator\debug\command.obj
c:\eigene dateien\learning\test\code\calculator\calculator\debug\commandrepo.obj
c:\eigene dateien\learning\test\code\calculator\calculator\debug\concrete.obj
c:\eigene dateien\learning\test\code\calculator\calculator\debug\corecommand.obj
c:\eigene dateien\learning\test\code\calculator\calculator\debug\main.obj
c:\eigene dateien\learning\test\code\calculator\calculator\debug\observer.obj
c:\eigene dateien\learning\test\code\calculator\calculator\debug\publisher.obj
c:\eigene dateien\learning\test\code\calculator\calculator\debug\stack.obj
c:\eigene dateien\learning\test\code\calculator\calculator\debug\unarycommand.obj
c:\eigene dateien\learning\test\code\calculator\calculator\debug\commandmanager.obj
c:\eigene dateien\learning\test\code\calculator\debug\calculator.ilk
c:\eigene dateien\learning\test\code\calculator\debug\calculator.exe
c:\eigene dateien\learning\test\code\calculator\debug\calculator.pdb
c:\eigene dateien\learning\test\code\calculator\calculator\debug\calculator.tlog\cl.command.1.tlog
c:\eigene dateien\learning\test\code\calculator\calculator\debug\calculator.tlog\cl.read.1.tlog
c:\eigene dateien\learning\test\code\calculator\calculator\debug\calculator.tlog\cl.write.1.tlog
c:\eigene dateien\learning\test\code\calculator\calculator\debug\calculator.tlog\link.command.1.tlog
c:\eigene dateien\learning\test\code\calculator\calculator\debug\calculator.tlog\link.read.1.tlog
c:\eigene dateien\learning\test\code\calculator\calculator\debug\calculator.tlog\link.write.1.tlog
